<component name="libraryTable">
  <library name="junit:junit:4.3" type="repository">
    <properties maven-id="junit:junit:4.3" />
    <CLASSES>
      <root url="jar://$PROJECT_DIR$/lib/junit-4.3.jar!/" />
    </CLASSES>
    <JAVADOC />
    <SOURCES />
  </library>
</component>